<?xml version="1.0" encoding="UTF-8"?>
<!-- Generated by org.testng.reporters.JUnitReportReporter -->
<testsuite skipped="0" hostname="PMCLAP1279" name="flipkarttestpages.Flipkarthomepagetest" tests="7" failures="0" timestamp="13 Jul 2020 04:05:12 GMT" time="103.490" errors="0">
  <testcase name="searchsuggestionclick" time="41.380" classname="flipkarttestpages.Flipkarthomepagetest"/>
  <testcase name="displayclosebutton" time="7.247" classname="flipkarttestpages.Flipkarthomepagetest"/>
  <testcase name="cartbutton" time="9.063" classname="flipkarttestpages.Flipkarthomepagetest"/>
  <testcase name="userloggedin" time="13.658" classname="flipkarttestpages.Flipkarthomepagetest"/>
  <testcase name="clickclosebutton" time="7.907" classname="flipkarttestpages.Flipkarthomepagetest"/>
  <testcase name="loginbutton" time="8.829" classname="flipkarttestpages.Flipkarthomepagetest"/>
  <testcase name="category" time="15.406" classname="flipkarttestpages.Flipkarthomepagetest"/>
</testsuite> <!-- flipkarttestpages.Flipkarthomepagetest -->
