<?xml version="1.0" encoding="UTF-8"?>
<!-- Generated by org.testng.reporters.JUnitReportReporter -->
<testsuite skipped="0" hostname="PMCLAP1279" name="flipkarttestpages.Flipkartregistration" tests="6" failures="0" timestamp="13 Jul 2020 04:05:12 GMT" time="68.579" errors="0">
  <testcase name="registration" time="11.638" classname="flipkarttestpages.Flipkartregistration"/>
  <testcase name="registration" time="12.474" classname="flipkarttestpages.Flipkartregistration"/>
  <testcase name="registration" time="9.255" classname="flipkarttestpages.Flipkartregistration"/>
  <testcase name="registration" time="12.433" classname="flipkarttestpages.Flipkartregistration"/>
  <testcase name="registration" time="10.945" classname="flipkarttestpages.Flipkartregistration"/>
  <testcase name="registration" time="11.834" classname="flipkarttestpages.Flipkartregistration"/>
</testsuite> <!-- flipkarttestpages.Flipkartregistration -->
