<?xml version="1.0" encoding="UTF-8"?>
<!-- Generated by org.testng.reporters.JUnitReportReporter -->
<testsuite skipped="0" hostname="PMCLAP1279" name="flipkarttestpages.Amazonregistration" tests="10" failures="0" timestamp="14 Jul 2020 12:24:02 GMT" time="108.981" errors="0">
  <testcase name="registertest" time="12.800" classname="flipkarttestpages.Amazonregistration"/>
  <testcase name="registertest" time="11.765" classname="flipkarttestpages.Amazonregistration"/>
  <testcase name="registertest" time="9.306" classname="flipkarttestpages.Amazonregistration"/>
  <testcase name="registertest" time="9.652" classname="flipkarttestpages.Amazonregistration"/>
  <testcase name="registertest" time="11.545" classname="flipkarttestpages.Amazonregistration"/>
  <testcase name="registertest" time="9.130" classname="flipkarttestpages.Amazonregistration"/>
  <testcase name="registertest" time="12.434" classname="flipkarttestpages.Amazonregistration"/>
  <testcase name="registertest" time="9.044" classname="flipkarttestpages.Amazonregistration"/>
  <testcase name="registertest" time="11.685" classname="flipkarttestpages.Amazonregistration"/>
  <testcase name="registertest" time="11.620" classname="flipkarttestpages.Amazonregistration"/>
</testsuite> <!-- flipkarttestpages.Amazonregistration -->
